c:\users\dpali\documents\cse 3150\week 11\project 2 part 0\project 2\project 2\x64\debug\vc143.pdb
c:\users\dpali\documents\cse 3150\week 11\project 2 part 0\project 2\project 2\x64\debug\vc143.idb
c:\users\dpali\documents\cse 3150\week 11\project 2 part 0\project 2\project 2\x64\debug\main.obj
c:\users\dpali\documents\cse 3150\week 11\project 2 part 0\project 2\project 2\x64\debug\ectriangle.obj
c:\users\dpali\documents\cse 3150\week 11\project 2 part 0\project 2\project 2\x64\debug\ecshapemanager.obj
c:\users\dpali\documents\cse 3150\week 11\project 2 part 0\project 2\project 2\x64\debug\ecshape.obj
c:\users\dpali\documents\cse 3150\week 11\project 2 part 0\project 2\project 2\x64\debug\ecmodel.obj
c:\users\dpali\documents\cse 3150\week 11\project 2 part 0\project 2\project 2\x64\debug\eclinesegment.obj
c:\users\dpali\documents\cse 3150\week 11\project 2 part 0\project 2\project 2\x64\debug\ecindivobservers.obj
c:\users\dpali\documents\cse 3150\week 11\project 2 part 0\project 2\project 2\x64\debug\ecindivcommands.obj
c:\users\dpali\documents\cse 3150\week 11\project 2 part 0\project 2\project 2\x64\debug\ecgraphicviewimp.obj
c:\users\dpali\documents\cse 3150\week 11\project 2 part 0\project 2\project 2\x64\debug\ecconvexpolygon.obj
c:\users\dpali\documents\cse 3150\week 11\project 2 part 0\project 2\project 2\x64\debug\eccontrol.obj
c:\users\dpali\documents\cse 3150\week 11\project 2 part 0\project 2\project 2\x64\debug\eccommand.obj
c:\users\dpali\documents\cse 3150\week 11\project 2 part 0\project 2\project 2\x64\debug\eccircle.obj
c:\users\dpali\documents\cse 3150\week 11\project 2 part 0\project 2\project 2\x64\debug\ecabstractconvexpolygon.obj
c:\users\dpali\documents\cse 3150\week 11\project 2 part 0\project 2\project 2\x64\debug\ecfilehandler.obj
c:\users\dpali\documents\cse 3150\week 11\project 2 part 0\project 2\project 2\x64\debug\ecshapefilesubject.obj
c:\users\dpali\documents\cse 3150\week 11\project 2 part 0\project 2\project 2\x64\debug\ecshapefileobservers.obj
c:\users\dpali\documents\cse 3150\week 11\project 2 part 0\project 2\project 2\x64\debug\eccontrol.obj.enc
c:\users\dpali\documents\cse 3150\week 11\project 2 part 0\project 2\project 2\x64\debug\ecindivcommands.obj.enc
c:\users\dpali\documents\cse 3150\week 11\project 2 part 0\project 2\x64\debug\project 2.pdb
c:\users\dpali\documents\cse 3150\week 11\project 2 part 0\project 2\project 2\x64\debug\project 2.tlog\cl.command.1.tlog
c:\users\dpali\documents\cse 3150\week 11\project 2 part 0\project 2\project 2\x64\debug\project 2.tlog\cl.read.1.tlog
c:\users\dpali\documents\cse 3150\week 11\project 2 part 0\project 2\project 2\x64\debug\project 2.tlog\cl.write.1.tlog
c:\users\dpali\documents\cse 3150\week 11\project 2 part 0\project 2\project 2\x64\debug\project 2.tlog\link.32096-cvtres.read.1.tlog
c:\users\dpali\documents\cse 3150\week 11\project 2 part 0\project 2\project 2\x64\debug\project 2.tlog\link.32096-cvtres.write.1.tlog
c:\users\dpali\documents\cse 3150\week 11\project 2 part 0\project 2\project 2\x64\debug\project 2.tlog\link.32096-rc.read.1.tlog
c:\users\dpali\documents\cse 3150\week 11\project 2 part 0\project 2\project 2\x64\debug\project 2.tlog\link.32096-rc.write.1.tlog
c:\users\dpali\documents\cse 3150\week 11\project 2 part 0\project 2\project 2\x64\debug\project 2.tlog\link.32096.read.1.tlog
c:\users\dpali\documents\cse 3150\week 11\project 2 part 0\project 2\project 2\x64\debug\project 2.tlog\link.32096.read.2.tlog
c:\users\dpali\documents\cse 3150\week 11\project 2 part 0\project 2\project 2\x64\debug\project 2.tlog\link.32096.write.1.tlog
c:\users\dpali\documents\cse 3150\week 11\project 2 part 0\project 2\project 2\x64\debug\project 2.tlog\link.command.1.tlog
c:\users\dpali\documents\cse 3150\week 11\project 2 part 0\project 2\project 2\x64\debug\project 2.tlog\link.read.1.tlog
c:\users\dpali\documents\cse 3150\week 11\project 2 part 0\project 2\project 2\x64\debug\project 2.tlog\link.write.1.tlog
